C51 COMPILER V9.59.0.0   BUZZER                                                            10/15/2019 20:19:27 PAGE 1   


C51 COMPILER V9.59.0.0, COMPILATION OF MODULE BUZZER
OBJECT MODULE PLACED IN buzzer.OBJ
COMPILER INVOKED BY: E:\3shiyanban\KEIL5\keil525\UV4\959\C51\BIN\C51.EXE buzzer.c OPTIMIZE(8,SPEED) BROWSE DEBUG OBJECTE
                    -XTEND TABS(2)

line level    source

   1          
   2          #include"buzzer.h"
   3          #define uint unsigned int
   4          #define uchar unsigned char
   5           
   6          void delay(uint z)
   7          {
   8   1         while(z--);
   9   1      }
  10          void buzzer_on(void)
  11          {
  12   1          BuzzerPort=0;
  13   1      }
  14           
  15          void buzzer_off(void)
  16          {
  17   1          BuzzerPort=1;
  18   1      }
  19           
  20          void buzzer_delay(void)
  21          {
  22   1          BuzzerPort=0;
  23   1          delay(600);
  24   1          BuzzerPort=1;
  25   1          delay(600);
  26   1      }
  27          
  28          


MODULE INFORMATION:   STATIC OVERLAYABLE
   CODE SIZE        =     35    ----
   CONSTANT SIZE    =   ----    ----
   XDATA SIZE       =   ----    ----
   PDATA SIZE       =   ----    ----
   DATA SIZE        =   ----    ----
   IDATA SIZE       =   ----    ----
   BIT SIZE         =   ----    ----
END OF MODULE INFORMATION.


C51 COMPILATION COMPLETE.  0 WARNING(S),  0 ERROR(S)
